[0.090s] Invoking command in '/home/migue/Desktop/proyectoRozo/car_ws/build/car_description': CMAKE_PREFIX_PATH=/opt/ros/foxy /usr/bin/cmake /home/migue/Desktop/proyectoRozo/car_ws/src/car_description -DCMAKE_INSTALL_PREFIX=/home/migue/Desktop/proyectoRozo/car_ws/install/car_description
[2.218s] -- The C compiler identification is GNU 9.4.0
[3.259s] -- The CXX compiler identification is GNU 9.4.0
[3.317s] -- Check for working C compiler: /usr/bin/cc
[3.434s] -- Check for working C compiler: /usr/bin/cc -- works
[3.435s] -- Detecting C compiler ABI info
[3.519s] -- Detecting C compiler ABI info - done
[3.534s] -- Detecting C compile features
[3.534s] -- Detecting C compile features - done
[3.537s] -- Check for working CXX compiler: /usr/bin/c++
[3.634s] -- Check for working CXX compiler: /usr/bin/c++ -- works
[3.637s] -- Detecting CXX compiler ABI info
[3.732s] -- Detecting CXX compiler ABI info - done
[3.742s] -- Detecting CXX compile features
[3.742s] -- Detecting CXX compile features - done
[3.847s] -- Found ament_cmake: 0.9.11 (/opt/ros/foxy/share/ament_cmake/cmake)
[3.958s] -- Found PythonInterp: /usr/bin/python3 (found suitable version "3.8.10", minimum required is "3") 
[3.958s] -- Using PYTHON_EXECUTABLE: /usr/bin/python3
[4.298s] -- Found ament_lint_auto: 0.9.7 (/opt/ros/foxy/share/ament_lint_auto/cmake)
[4.499s] -- Added test 'copyright' to check source files copyright and LICENSE
[4.500s] -- Added test 'flake8' to check Python code syntax and style conventions
[4.501s] -- Added test 'lint_cmake' to check CMake code style
[4.502s] -- Added test 'pep257' to check Python code against some of the style conventions in PEP 257
[4.503s] -- Added test 'xmllint' to check XML markup files
[4.505s] -- Configuring done
[4.507s] -- Generating done
[4.508s] -- Build files have been written to: /home/migue/Desktop/proyectoRozo/car_ws/build/car_description
[4.512s] Invoked command in '/home/migue/Desktop/proyectoRozo/car_ws/build/car_description' returned '0': CMAKE_PREFIX_PATH=/opt/ros/foxy /usr/bin/cmake /home/migue/Desktop/proyectoRozo/car_ws/src/car_description -DCMAKE_INSTALL_PREFIX=/home/migue/Desktop/proyectoRozo/car_ws/install/car_description
[4.518s] Invoking command in '/home/migue/Desktop/proyectoRozo/car_ws/build/car_description': CMAKE_PREFIX_PATH=/opt/ros/foxy /usr/bin/cmake --build /home/migue/Desktop/proyectoRozo/car_ws/build/car_description -- -j12 -l12
[4.567s] Invoked command in '/home/migue/Desktop/proyectoRozo/car_ws/build/car_description' returned '0': CMAKE_PREFIX_PATH=/opt/ros/foxy /usr/bin/cmake --build /home/migue/Desktop/proyectoRozo/car_ws/build/car_description -- -j12 -l12
[4.608s] Invoking command in '/home/migue/Desktop/proyectoRozo/car_ws/build/car_description': CMAKE_PREFIX_PATH=/opt/ros/foxy /usr/bin/cmake --install /home/migue/Desktop/proyectoRozo/car_ws/build/car_description
[4.621s] -- Install configuration: ""
[4.621s] -- Installing: /home/migue/Desktop/proyectoRozo/car_ws/install/car_description/share/car_description/src
[4.621s] -- Installing: /home/migue/Desktop/proyectoRozo/car_ws/install/car_description/share/car_description/launch
[4.622s] -- Installing: /home/migue/Desktop/proyectoRozo/car_ws/install/car_description/share/car_description/launch/display.launch.py
[4.649s] -- Installing: /home/migue/Desktop/proyectoRozo/car_ws/install/car_description/share/car_description/rviz
[4.649s] -- Installing: /home/migue/Desktop/proyectoRozo/car_ws/install/car_description/share/car_description/rviz/urdf_config.rviz
[4.650s] -- Installing: /home/migue/Desktop/proyectoRozo/car_ws/install/car_description/share/ament_index/resource_index/package_run_dependencies/car_description
[4.650s] -- Installing: /home/migue/Desktop/proyectoRozo/car_ws/install/car_description/share/ament_index/resource_index/parent_prefix_path/car_description
[4.651s] -- Installing: /home/migue/Desktop/proyectoRozo/car_ws/install/car_description/share/car_description/environment/ament_prefix_path.sh
[4.651s] -- Installing: /home/migue/Desktop/proyectoRozo/car_ws/install/car_description/share/car_description/environment/ament_prefix_path.dsv
[4.651s] -- Installing: /home/migue/Desktop/proyectoRozo/car_ws/install/car_description/share/car_description/environment/path.sh
[4.652s] -- Installing: /home/migue/Desktop/proyectoRozo/car_ws/install/car_description/share/car_description/environment/path.dsv
[4.652s] -- Installing: /home/migue/Desktop/proyectoRozo/car_ws/install/car_description/share/car_description/local_setup.bash
[4.652s] -- Installing: /home/migue/Desktop/proyectoRozo/car_ws/install/car_description/share/car_description/local_setup.sh
[4.653s] -- Installing: /home/migue/Desktop/proyectoRozo/car_ws/install/car_description/share/car_description/local_setup.zsh
[4.653s] -- Installing: /home/migue/Desktop/proyectoRozo/car_ws/install/car_description/share/car_description/local_setup.dsv
[4.654s] -- Installing: /home/migue/Desktop/proyectoRozo/car_ws/install/car_description/share/car_description/package.dsv
[4.654s] -- Installing: /home/migue/Desktop/proyectoRozo/car_ws/install/car_description/share/ament_index/resource_index/packages/car_description
[4.654s] -- Installing: /home/migue/Desktop/proyectoRozo/car_ws/install/car_description/share/car_description/cmake/car_descriptionConfig.cmake
[4.655s] -- Installing: /home/migue/Desktop/proyectoRozo/car_ws/install/car_description/share/car_description/cmake/car_descriptionConfig-version.cmake
[4.655s] -- Installing: /home/migue/Desktop/proyectoRozo/car_ws/install/car_description/share/car_description/package.xml
[4.658s] Invoked command in '/home/migue/Desktop/proyectoRozo/car_ws/build/car_description' returned '0': CMAKE_PREFIX_PATH=/opt/ros/foxy /usr/bin/cmake --install /home/migue/Desktop/proyectoRozo/car_ws/build/car_description
