-- Install configuration: ""
-- Up-to-date: /home/migue/Desktop/proyectoRozo/car_ws/install/car_description/share/car_description/src
-- Installing: /home/migue/Desktop/proyectoRozo/car_ws/install/car_description/share/car_description/src/description
-- Installing: /home/migue/Desktop/proyectoRozo/car_ws/install/car_description/share/car_description/src/description/car.urdf
-- Up-to-date: /home/migue/Desktop/proyectoRozo/car_ws/install/car_description/share/car_description/launch
-- Installing: /home/migue/Desktop/proyectoRozo/car_ws/install/car_description/share/car_description/launch/display.launch.py
-- Up-to-date: /home/migue/Desktop/proyectoRozo/car_ws/install/car_description/share/car_description/rviz
-- Up-to-date: /home/migue/Desktop/proyectoRozo/car_ws/install/car_description/share/car_description/rviz/urdf_config.rviz
-- Up-to-date: /home/migue/Desktop/proyectoRozo/car_ws/install/car_description/share/ament_index/resource_index/package_run_dependencies/car_description
-- Up-to-date: /home/migue/Desktop/proyectoRozo/car_ws/install/car_description/share/ament_index/resource_index/parent_prefix_path/car_description
-- Up-to-date: /home/migue/Desktop/proyectoRozo/car_ws/install/car_description/share/car_description/environment/ament_prefix_path.sh
-- Up-to-date: /home/migue/Desktop/proyectoRozo/car_ws/install/car_description/share/car_description/environment/ament_prefix_path.dsv
-- Up-to-date: /home/migue/Desktop/proyectoRozo/car_ws/install/car_description/share/car_description/environment/path.sh
-- Up-to-date: /home/migue/Desktop/proyectoRozo/car_ws/install/car_description/share/car_description/environment/path.dsv
-- Up-to-date: /home/migue/Desktop/proyectoRozo/car_ws/install/car_description/share/car_description/local_setup.bash
-- Up-to-date: /home/migue/Desktop/proyectoRozo/car_ws/install/car_description/share/car_description/local_setup.sh
-- Up-to-date: /home/migue/Desktop/proyectoRozo/car_ws/install/car_description/share/car_description/local_setup.zsh
-- Up-to-date: /home/migue/Desktop/proyectoRozo/car_ws/install/car_description/share/car_description/local_setup.dsv
-- Up-to-date: /home/migue/Desktop/proyectoRozo/car_ws/install/car_description/share/car_description/package.dsv
-- Up-to-date: /home/migue/Desktop/proyectoRozo/car_ws/install/car_description/share/ament_index/resource_index/packages/car_description
-- Up-to-date: /home/migue/Desktop/proyectoRozo/car_ws/install/car_description/share/car_description/cmake/car_descriptionConfig.cmake
-- Up-to-date: /home/migue/Desktop/proyectoRozo/car_ws/install/car_description/share/car_description/cmake/car_descriptionConfig-version.cmake
-- Up-to-date: /home/migue/Desktop/proyectoRozo/car_ws/install/car_description/share/car_description/package.xml
