[1.363s] DEBUG:colcon:Command line arguments: ['/usr/bin/colcon', 'build']
[1.363s] DEBUG:colcon:Parsed command line arguments: Namespace(allow_overriding=[], ament_cmake_args=None, base_paths=['.'], build_base='build', catkin_cmake_args=None, catkin_skip_building_tests=False, cmake_args=None, cmake_clean_cache=False, cmake_clean_first=False, cmake_force_configure=False, cmake_target=None, cmake_target_skip_unavailable=False, continue_on_error=False, event_handlers=None, executor='parallel', ignore_user_meta=False, install_base='install', log_base=None, log_level=None, main=<bound method BuildVerb.main of <colcon_core.verb.build.BuildVerb object at 0x7f648f390af0>>, merge_install=False, metas=['./colcon.meta'], packages_above=None, packages_above_and_dependencies=None, packages_above_depth=None, packages_end=None, packages_ignore=None, packages_ignore_regex=None, packages_select=None, packages_select_build_failed=False, packages_select_by_dep=None, packages_select_regex=None, packages_select_test_failures=False, packages_skip=None, packages_skip_build_finished=False, packages_skip_by_dep=None, packages_skip_regex=None, packages_skip_test_passed=False, packages_skip_up_to=None, packages_start=None, packages_up_to=None, packages_up_to_regex=None, parallel_workers=12, paths=None, symlink_install=False, test_result_base=None, verb_extension=<colcon_core.verb.build.BuildVerb object at 0x7f648f390af0>, verb_name='build', verb_parser=<colcon_defaults.argument_parser.defaults.DefaultArgumentsDecorator object at 0x7f648f35f100>)
[1.501s] Level 1:colcon.colcon_core.package_discovery:discover_packages(colcon_meta) check parameters
[1.501s] Level 1:colcon.colcon_core.package_discovery:discover_packages(recursive) check parameters
[1.501s] Level 1:colcon.colcon_core.package_discovery:discover_packages(ignore) check parameters
[1.501s] Level 1:colcon.colcon_core.package_discovery:discover_packages(path) check parameters
[1.501s] Level 1:colcon.colcon_core.package_discovery:discover_packages(colcon_meta) discover
[1.501s] Level 1:colcon.colcon_core.package_discovery:discover_packages(recursive) discover
[1.501s] INFO:colcon.colcon_core.package_discovery:Crawling recursively for packages in '/home/migue/Desktop/proyectoRozo/car_ws'
[1.501s] Level 1:colcon.colcon_core.package_identification:_identify(.) by extensions ['ignore', 'ignore_ament_install']
[1.501s] Level 1:colcon.colcon_core.package_identification:_identify(.) by extension 'ignore'
[1.501s] Level 1:colcon.colcon_core.package_identification:_identify(.) by extension 'ignore_ament_install'
[1.501s] Level 1:colcon.colcon_core.package_identification:_identify(.) by extensions ['colcon_pkg']
[1.501s] Level 1:colcon.colcon_core.package_identification:_identify(.) by extension 'colcon_pkg'
[1.501s] Level 1:colcon.colcon_core.package_identification:_identify(.) by extensions ['colcon_meta']
[1.501s] Level 1:colcon.colcon_core.package_identification:_identify(.) by extension 'colcon_meta'
[1.501s] Level 1:colcon.colcon_core.package_identification:_identify(.) by extensions ['ros']
[1.501s] Level 1:colcon.colcon_core.package_identification:_identify(.) by extension 'ros'
[1.511s] Level 1:colcon.colcon_core.package_identification:_identify(.) by extensions ['cmake', 'python']
[1.511s] Level 1:colcon.colcon_core.package_identification:_identify(.) by extension 'cmake'
[1.512s] Level 1:colcon.colcon_core.package_identification:_identify(.) by extension 'python'
[1.512s] Level 1:colcon.colcon_core.package_identification:_identify(.) by extensions ['python_setup_py']
[1.512s] Level 1:colcon.colcon_core.package_identification:_identify(.) by extension 'python_setup_py'
[1.512s] Level 1:colcon.colcon_core.package_identification:_identify(build) by extensions ['ignore', 'ignore_ament_install']
[1.512s] Level 1:colcon.colcon_core.package_identification:_identify(build) by extension 'ignore'
[1.512s] Level 1:colcon.colcon_core.package_identification:_identify(build) ignored
[1.512s] Level 1:colcon.colcon_core.package_identification:_identify(install) by extensions ['ignore', 'ignore_ament_install']
[1.512s] Level 1:colcon.colcon_core.package_identification:_identify(install) by extension 'ignore'
[1.512s] Level 1:colcon.colcon_core.package_identification:_identify(install) ignored
[1.512s] Level 1:colcon.colcon_core.package_identification:_identify(log) by extensions ['ignore', 'ignore_ament_install']
[1.512s] Level 1:colcon.colcon_core.package_identification:_identify(log) by extension 'ignore'
[1.512s] Level 1:colcon.colcon_core.package_identification:_identify(log) ignored
[1.512s] Level 1:colcon.colcon_core.package_identification:_identify(src) by extensions ['ignore', 'ignore_ament_install']
[1.512s] Level 1:colcon.colcon_core.package_identification:_identify(src) by extension 'ignore'
[1.512s] Level 1:colcon.colcon_core.package_identification:_identify(src) by extension 'ignore_ament_install'
[1.512s] Level 1:colcon.colcon_core.package_identification:_identify(src) by extensions ['colcon_pkg']
[1.512s] Level 1:colcon.colcon_core.package_identification:_identify(src) by extension 'colcon_pkg'
[1.512s] Level 1:colcon.colcon_core.package_identification:_identify(src) by extensions ['colcon_meta']
[1.513s] Level 1:colcon.colcon_core.package_identification:_identify(src) by extension 'colcon_meta'
[1.513s] Level 1:colcon.colcon_core.package_identification:_identify(src) by extensions ['ros']
[1.513s] Level 1:colcon.colcon_core.package_identification:_identify(src) by extension 'ros'
[1.513s] Level 1:colcon.colcon_core.package_identification:_identify(src) by extensions ['cmake', 'python']
[1.513s] Level 1:colcon.colcon_core.package_identification:_identify(src) by extension 'cmake'
[1.513s] Level 1:colcon.colcon_core.package_identification:_identify(src) by extension 'python'
[1.513s] Level 1:colcon.colcon_core.package_identification:_identify(src) by extensions ['python_setup_py']
[1.513s] Level 1:colcon.colcon_core.package_identification:_identify(src) by extension 'python_setup_py'
[1.513s] Level 1:colcon.colcon_core.package_identification:_identify(src/car_description) by extensions ['ignore', 'ignore_ament_install']
[1.513s] Level 1:colcon.colcon_core.package_identification:_identify(src/car_description) by extension 'ignore'
[1.513s] Level 1:colcon.colcon_core.package_identification:_identify(src/car_description) by extension 'ignore_ament_install'
[1.513s] Level 1:colcon.colcon_core.package_identification:_identify(src/car_description) by extensions ['colcon_pkg']
[1.513s] Level 1:colcon.colcon_core.package_identification:_identify(src/car_description) by extension 'colcon_pkg'
[1.513s] Level 1:colcon.colcon_core.package_identification:_identify(src/car_description) by extensions ['colcon_meta']
[1.513s] Level 1:colcon.colcon_core.package_identification:_identify(src/car_description) by extension 'colcon_meta'
[1.513s] Level 1:colcon.colcon_core.package_identification:_identify(src/car_description) by extensions ['ros']
[1.513s] Level 1:colcon.colcon_core.package_identification:_identify(src/car_description) by extension 'ros'
[1.515s] DEBUG:colcon.colcon_core.package_identification:Package 'src/car_description' with type 'ros.ament_cmake' and name 'car_description'
[1.516s] Level 1:colcon.colcon_core.package_discovery:discover_packages(recursive) using defaults
[1.516s] Level 1:colcon.colcon_core.package_discovery:discover_packages(ignore) discover
[1.516s] Level 1:colcon.colcon_core.package_discovery:discover_packages(ignore) using defaults
[1.516s] Level 1:colcon.colcon_core.package_discovery:discover_packages(path) discover
[1.516s] Level 1:colcon.colcon_core.package_discovery:discover_packages(path) using defaults
[1.562s] Level 1:colcon.colcon_core.package_discovery:discover_packages(prefix_path) check parameters
[1.562s] Level 1:colcon.colcon_core.package_discovery:discover_packages(prefix_path) discover
[1.566s] DEBUG:colcon.colcon_installed_package_information.package_discovery:Found 0 installed packages in /home/migue/Desktop/proyectoRozo/car_ws/install
[1.568s] DEBUG:colcon.colcon_installed_package_information.package_discovery:Found 268 installed packages in /opt/ros/foxy
[1.569s] Level 1:colcon.colcon_core.package_discovery:discover_packages(prefix_path) using defaults
[1.759s] Level 5:colcon.colcon_core.verb:set package 'car_description' build argument 'cmake_args' from command line to 'None'
[1.760s] Level 5:colcon.colcon_core.verb:set package 'car_description' build argument 'cmake_target' from command line to 'None'
[1.760s] Level 5:colcon.colcon_core.verb:set package 'car_description' build argument 'cmake_target_skip_unavailable' from command line to 'False'
[1.760s] Level 5:colcon.colcon_core.verb:set package 'car_description' build argument 'cmake_clean_cache' from command line to 'False'
[1.760s] Level 5:colcon.colcon_core.verb:set package 'car_description' build argument 'cmake_clean_first' from command line to 'False'
[1.760s] Level 5:colcon.colcon_core.verb:set package 'car_description' build argument 'cmake_force_configure' from command line to 'False'
[1.760s] Level 5:colcon.colcon_core.verb:set package 'car_description' build argument 'ament_cmake_args' from command line to 'None'
[1.760s] Level 5:colcon.colcon_core.verb:set package 'car_description' build argument 'catkin_cmake_args' from command line to 'None'
[1.760s] Level 5:colcon.colcon_core.verb:set package 'car_description' build argument 'catkin_skip_building_tests' from command line to 'False'
[1.760s] DEBUG:colcon.colcon_core.verb:Building package 'car_description' with the following arguments: {'ament_cmake_args': None, 'build_base': '/home/migue/Desktop/proyectoRozo/car_ws/build/car_description', 'catkin_cmake_args': None, 'catkin_skip_building_tests': False, 'cmake_args': None, 'cmake_clean_cache': False, 'cmake_clean_first': False, 'cmake_force_configure': False, 'cmake_target': None, 'cmake_target_skip_unavailable': False, 'install_base': '/home/migue/Desktop/proyectoRozo/car_ws/install/car_description', 'merge_install': False, 'path': '/home/migue/Desktop/proyectoRozo/car_ws/src/car_description', 'symlink_install': False, 'test_result_base': None}
[1.761s] INFO:colcon.colcon_core.executor:Executing jobs using 'parallel' executor
[1.767s] DEBUG:colcon.colcon_parallel_executor.executor.parallel:run_until_complete
[1.767s] INFO:colcon.colcon_ros.task.ament_cmake.build:Building ROS package in '/home/migue/Desktop/proyectoRozo/car_ws/src/car_description' with build type 'ament_cmake'
[1.767s] INFO:colcon.colcon_cmake.task.cmake.build:Building CMake package in '/home/migue/Desktop/proyectoRozo/car_ws/src/car_description'
[1.833s] INFO:colcon.colcon_core.plugin_system:Skipping extension 'colcon_core.shell.bat': Not used on non-Windows systems
[1.833s] INFO:colcon.colcon_core.shell:Skip shell extension 'powershell' for command environment: Not usable outside of PowerShell
[1.833s] DEBUG:colcon.colcon_core.shell:Skip shell extension 'dsv' for command environment
[1.858s] DEBUG:colcon.colcon_core.event_handler.log_command:Invoking command in '/home/migue/Desktop/proyectoRozo/car_ws/build/car_description': CMAKE_PREFIX_PATH=/opt/ros/foxy /usr/bin/cmake /home/migue/Desktop/proyectoRozo/car_ws/src/car_description -DCMAKE_INSTALL_PREFIX=/home/migue/Desktop/proyectoRozo/car_ws/install/car_description
[6.280s] DEBUG:colcon.colcon_core.event_handler.log_command:Invoked command in '/home/migue/Desktop/proyectoRozo/car_ws/build/car_description' returned '0': CMAKE_PREFIX_PATH=/opt/ros/foxy /usr/bin/cmake /home/migue/Desktop/proyectoRozo/car_ws/src/car_description -DCMAKE_INSTALL_PREFIX=/home/migue/Desktop/proyectoRozo/car_ws/install/car_description
[6.286s] DEBUG:colcon.colcon_core.event_handler.log_command:Invoking command in '/home/migue/Desktop/proyectoRozo/car_ws/build/car_description': CMAKE_PREFIX_PATH=/opt/ros/foxy /usr/bin/cmake --build /home/migue/Desktop/proyectoRozo/car_ws/build/car_description -- -j12 -l12
[6.335s] DEBUG:colcon.colcon_core.event_handler.log_command:Invoked command in '/home/migue/Desktop/proyectoRozo/car_ws/build/car_description' returned '0': CMAKE_PREFIX_PATH=/opt/ros/foxy /usr/bin/cmake --build /home/migue/Desktop/proyectoRozo/car_ws/build/car_description -- -j12 -l12
[6.376s] DEBUG:colcon.colcon_core.event_handler.log_command:Invoking command in '/home/migue/Desktop/proyectoRozo/car_ws/build/car_description': CMAKE_PREFIX_PATH=/opt/ros/foxy /usr/bin/cmake --install /home/migue/Desktop/proyectoRozo/car_ws/build/car_description
[6.426s] Level 1:colcon.colcon_core.environment:create_environment_scripts_only(car_description)
[6.426s] DEBUG:colcon.colcon_core.event_handler.log_command:Invoked command in '/home/migue/Desktop/proyectoRozo/car_ws/build/car_description' returned '0': CMAKE_PREFIX_PATH=/opt/ros/foxy /usr/bin/cmake --install /home/migue/Desktop/proyectoRozo/car_ws/build/car_description
[6.479s] Level 1:colcon.colcon_core.environment:checking '/home/migue/Desktop/proyectoRozo/car_ws/install/car_description' for CMake module files
[6.480s] Level 1:colcon.colcon_core.environment:checking '/home/migue/Desktop/proyectoRozo/car_ws/install/car_description' for CMake config files
[6.480s] Level 1:colcon.colcon_core.shell:create_environment_hook('car_description', 'cmake_prefix_path')
[6.483s] INFO:colcon.colcon_core.shell:Creating environment hook '/home/migue/Desktop/proyectoRozo/car_ws/install/car_description/share/car_description/hook/cmake_prefix_path.ps1'
[6.498s] INFO:colcon.colcon_core.shell:Creating environment descriptor '/home/migue/Desktop/proyectoRozo/car_ws/install/car_description/share/car_description/hook/cmake_prefix_path.dsv'
[6.515s] INFO:colcon.colcon_core.shell:Creating environment hook '/home/migue/Desktop/proyectoRozo/car_ws/install/car_description/share/car_description/hook/cmake_prefix_path.sh'
[6.517s] Level 1:colcon.colcon_core.environment:checking '/home/migue/Desktop/proyectoRozo/car_ws/install/car_description/bin'
[6.518s] Level 1:colcon.colcon_core.environment:checking '/home/migue/Desktop/proyectoRozo/car_ws/install/car_description/lib/pkgconfig/car_description.pc'
[6.518s] Level 1:colcon.colcon_core.environment:checking '/home/migue/Desktop/proyectoRozo/car_ws/install/car_description/lib/python3.8/site-packages'
[6.519s] Level 1:colcon.colcon_core.environment:checking '/home/migue/Desktop/proyectoRozo/car_ws/install/car_description/bin'
[6.523s] INFO:colcon.colcon_core.shell:Creating package script '/home/migue/Desktop/proyectoRozo/car_ws/install/car_description/share/car_description/package.ps1'
[6.525s] INFO:colcon.colcon_core.shell:Creating package descriptor '/home/migue/Desktop/proyectoRozo/car_ws/install/car_description/share/car_description/package.dsv'
[6.525s] INFO:colcon.colcon_core.shell:Creating package script '/home/migue/Desktop/proyectoRozo/car_ws/install/car_description/share/car_description/package.sh'
[6.526s] INFO:colcon.colcon_core.shell:Creating package script '/home/migue/Desktop/proyectoRozo/car_ws/install/car_description/share/car_description/package.bash'
[6.538s] INFO:colcon.colcon_core.shell:Creating package script '/home/migue/Desktop/proyectoRozo/car_ws/install/car_description/share/car_description/package.zsh'
[6.539s] Level 1:colcon.colcon_core.environment:create_file_with_runtime_dependencies(/home/migue/Desktop/proyectoRozo/car_ws/install/car_description/share/colcon-core/packages/car_description)
[6.568s] Level 1:colcon.colcon_core.environment:create_environment_scripts_only(car_description)
[6.572s] Level 1:colcon.colcon_core.environment:checking '/home/migue/Desktop/proyectoRozo/car_ws/install/car_description' for CMake module files
[6.572s] Level 1:colcon.colcon_core.environment:checking '/home/migue/Desktop/proyectoRozo/car_ws/install/car_description' for CMake config files
[6.572s] Level 1:colcon.colcon_core.shell:create_environment_hook('car_description', 'cmake_prefix_path')
[6.574s] INFO:colcon.colcon_core.shell:Creating environment hook '/home/migue/Desktop/proyectoRozo/car_ws/install/car_description/share/car_description/hook/cmake_prefix_path.ps1'
[6.575s] INFO:colcon.colcon_core.shell:Creating environment descriptor '/home/migue/Desktop/proyectoRozo/car_ws/install/car_description/share/car_description/hook/cmake_prefix_path.dsv'
[6.575s] INFO:colcon.colcon_core.shell:Creating environment hook '/home/migue/Desktop/proyectoRozo/car_ws/install/car_description/share/car_description/hook/cmake_prefix_path.sh'
[6.576s] Level 1:colcon.colcon_core.environment:checking '/home/migue/Desktop/proyectoRozo/car_ws/install/car_description/bin'
[6.576s] Level 1:colcon.colcon_core.environment:checking '/home/migue/Desktop/proyectoRozo/car_ws/install/car_description/lib/pkgconfig/car_description.pc'
[6.576s] Level 1:colcon.colcon_core.environment:checking '/home/migue/Desktop/proyectoRozo/car_ws/install/car_description/lib/python3.8/site-packages'
[6.576s] Level 1:colcon.colcon_core.environment:checking '/home/migue/Desktop/proyectoRozo/car_ws/install/car_description/bin'
[6.578s] INFO:colcon.colcon_core.shell:Creating package script '/home/migue/Desktop/proyectoRozo/car_ws/install/car_description/share/car_description/package.ps1'
[6.579s] INFO:colcon.colcon_core.shell:Creating package descriptor '/home/migue/Desktop/proyectoRozo/car_ws/install/car_description/share/car_description/package.dsv'
[6.579s] INFO:colcon.colcon_core.shell:Creating package script '/home/migue/Desktop/proyectoRozo/car_ws/install/car_description/share/car_description/package.sh'
[6.580s] INFO:colcon.colcon_core.shell:Creating package script '/home/migue/Desktop/proyectoRozo/car_ws/install/car_description/share/car_description/package.bash'
[6.580s] INFO:colcon.colcon_core.shell:Creating package script '/home/migue/Desktop/proyectoRozo/car_ws/install/car_description/share/car_description/package.zsh'
[6.580s] Level 1:colcon.colcon_core.environment:create_file_with_runtime_dependencies(/home/migue/Desktop/proyectoRozo/car_ws/install/car_description/share/colcon-core/packages/car_description)
[6.581s] DEBUG:colcon.colcon_parallel_executor.executor.parallel:closing loop
[6.581s] DEBUG:colcon.colcon_parallel_executor.executor.parallel:loop closed
[6.581s] DEBUG:colcon.colcon_parallel_executor.executor.parallel:run_until_complete finished with '0'
[6.581s] DEBUG:colcon.colcon_core.event_reactor:joining thread
[6.629s] INFO:colcon.colcon_core.plugin_system:Skipping extension 'colcon_notification.desktop_notification.terminal_notifier': Not used on non-Darwin systems
[6.629s] INFO:colcon.colcon_core.plugin_system:Skipping extension 'colcon_notification.desktop_notification.win32': Not used on non-Windows systems
[6.629s] INFO:colcon.colcon_notification.desktop_notification:Sending desktop notification using 'notify2'
[6.660s] DEBUG:colcon.colcon_core.event_reactor:joined thread
[6.666s] INFO:colcon.colcon_core.shell:Creating prefix script '/home/migue/Desktop/proyectoRozo/car_ws/install/local_setup.ps1'
[6.668s] INFO:colcon.colcon_core.shell:Creating prefix util module '/home/migue/Desktop/proyectoRozo/car_ws/install/_local_setup_util_ps1.py'
[6.671s] INFO:colcon.colcon_core.shell:Creating prefix chain script '/home/migue/Desktop/proyectoRozo/car_ws/install/setup.ps1'
[6.674s] INFO:colcon.colcon_core.shell:Creating prefix script '/home/migue/Desktop/proyectoRozo/car_ws/install/local_setup.sh'
[6.675s] INFO:colcon.colcon_core.shell:Creating prefix util module '/home/migue/Desktop/proyectoRozo/car_ws/install/_local_setup_util_sh.py'
[6.675s] INFO:colcon.colcon_core.shell:Creating prefix chain script '/home/migue/Desktop/proyectoRozo/car_ws/install/setup.sh'
[6.677s] INFO:colcon.colcon_core.shell:Creating prefix script '/home/migue/Desktop/proyectoRozo/car_ws/install/local_setup.bash'
[6.678s] INFO:colcon.colcon_core.shell:Creating prefix chain script '/home/migue/Desktop/proyectoRozo/car_ws/install/setup.bash'
[6.679s] INFO:colcon.colcon_core.shell:Creating prefix script '/home/migue/Desktop/proyectoRozo/car_ws/install/local_setup.zsh'
[6.680s] INFO:colcon.colcon_core.shell:Creating prefix chain script '/home/migue/Desktop/proyectoRozo/car_ws/install/setup.zsh'
