[0.020s] Invoking command in '/home/migue/Desktop/proyectoRozo/car_ws/build/car_description': CMAKE_PREFIX_PATH=${CMAKE_PREFIX_PATH}:/opt/ros/foxy /usr/bin/cmake --build /home/migue/Desktop/proyectoRozo/car_ws/build/car_description -- -j12 -l12
[0.068s] Invoked command in '/home/migue/Desktop/proyectoRozo/car_ws/build/car_description' returned '0': CMAKE_PREFIX_PATH=${CMAKE_PREFIX_PATH}:/opt/ros/foxy /usr/bin/cmake --build /home/migue/Desktop/proyectoRozo/car_ws/build/car_description -- -j12 -l12
[0.102s] Invoking command in '/home/migue/Desktop/proyectoRozo/car_ws/build/car_description': CMAKE_PREFIX_PATH=${CMAKE_PREFIX_PATH}:/opt/ros/foxy /usr/bin/cmake --install /home/migue/Desktop/proyectoRozo/car_ws/build/car_description
[0.109s] -- Install configuration: ""
[0.110s] -- Up-to-date: /home/migue/Desktop/proyectoRozo/car_ws/install/car_description/share/car_description/src
[0.110s] -- Up-to-date: /home/migue/Desktop/proyectoRozo/car_ws/install/car_description/share/car_description/src/description
[0.110s] -- Installing: /home/migue/Desktop/proyectoRozo/car_ws/install/car_description/share/car_description/src/description/car.urdf
[0.110s] -- Up-to-date: /home/migue/Desktop/proyectoRozo/car_ws/install/car_description/share/car_description/launch
[0.110s] -- Up-to-date: /home/migue/Desktop/proyectoRozo/car_ws/install/car_description/share/car_description/launch/display.launch.py
[0.110s] -- Up-to-date: /home/migue/Desktop/proyectoRozo/car_ws/install/car_description/share/car_description/rviz
[0.110s] -- Up-to-date: /home/migue/Desktop/proyectoRozo/car_ws/install/car_description/share/car_description/rviz/urdf_config.rviz
[0.110s] -- Up-to-date: /home/migue/Desktop/proyectoRozo/car_ws/install/car_description/share/ament_index/resource_index/package_run_dependencies/car_description
[0.110s] -- Up-to-date: /home/migue/Desktop/proyectoRozo/car_ws/install/car_description/share/ament_index/resource_index/parent_prefix_path/car_description
[0.110s] -- Up-to-date: /home/migue/Desktop/proyectoRozo/car_ws/install/car_description/share/car_description/environment/ament_prefix_path.sh
[0.110s] -- Up-to-date: /home/migue/Desktop/proyectoRozo/car_ws/install/car_description/share/car_description/environment/ament_prefix_path.dsv
[0.110s] -- Up-to-date: /home/migue/Desktop/proyectoRozo/car_ws/install/car_description/share/car_description/environment/path.sh
[0.110s] -- Up-to-date: /home/migue/Desktop/proyectoRozo/car_ws/install/car_description/share/car_description/environment/path.dsv
[0.110s] -- Up-to-date: /home/migue/Desktop/proyectoRozo/car_ws/install/car_description/share/car_description/local_setup.bash
[0.110s] -- Up-to-date: /home/migue/Desktop/proyectoRozo/car_ws/install/car_description/share/car_description/local_setup.sh
[0.110s] -- Up-to-date: /home/migue/Desktop/proyectoRozo/car_ws/install/car_description/share/car_description/local_setup.zsh
[0.111s] -- Up-to-date: /home/migue/Desktop/proyectoRozo/car_ws/install/car_description/share/car_description/local_setup.dsv
[0.111s] -- Installing: /home/migue/Desktop/proyectoRozo/car_ws/install/car_description/share/car_description/package.dsv
[0.111s] -- Up-to-date: /home/migue/Desktop/proyectoRozo/car_ws/install/car_description/share/ament_index/resource_index/packages/car_description
[0.111s] -- Up-to-date: /home/migue/Desktop/proyectoRozo/car_ws/install/car_description/share/car_description/cmake/car_descriptionConfig.cmake
[0.111s] -- Up-to-date: /home/migue/Desktop/proyectoRozo/car_ws/install/car_description/share/car_description/cmake/car_descriptionConfig-version.cmake
[0.111s] -- Up-to-date: /home/migue/Desktop/proyectoRozo/car_ws/install/car_description/share/car_description/package.xml
[0.112s] Invoked command in '/home/migue/Desktop/proyectoRozo/car_ws/build/car_description' returned '0': CMAKE_PREFIX_PATH=${CMAKE_PREFIX_PATH}:/opt/ros/foxy /usr/bin/cmake --install /home/migue/Desktop/proyectoRozo/car_ws/build/car_description
